\BOOKMARK [-1][-]{part.1}{I Prima parte del corso}{}% 1
\BOOKMARK [0][-]{chapter.1}{Introduzione}{part.1}% 2
\BOOKMARK [1][-]{section.1.1}{Funzione generatrice dei momenti}{chapter.1}% 3
\BOOKMARK [2][-]{subsection.1.1.1}{Esempi}{section.1.1}% 4
\BOOKMARK [1][-]{section.1.2}{Momenti di una variabile casuale}{chapter.1}% 5
\BOOKMARK [2][-]{subsection.1.2.1}{Esempi}{section.1.2}% 6
\BOOKMARK [1][-]{section.1.3}{Famiglia Esponenziale a k parametri}{chapter.1}% 7
\BOOKMARK [2][-]{subsection.1.3.1}{Trasformazioni di variabili casuali}{section.1.3}% 8
\BOOKMARK [2][-]{subsection.1.3.2}{Convergenze}{section.1.3}% 9
\BOOKMARK [2][-]{subsection.1.3.3}{Teoria asintotica}{section.1.3}% 10
\BOOKMARK [0][-]{chapter.2}{Approccio applicativo alla Statistica Matematica}{part.1}% 11
\BOOKMARK [1][-]{subsection.2.0.1}{Statistiche d'ordine}{chapter.2}% 12
\BOOKMARK [2][-]{subsection.2.0.2}{Intervalli di confidenza}{subsection.2.0.1}% 13
\BOOKMARK [2][-]{subsection.2.0.3}{Intervallo di confidenza per differenza di medie}{subsection.2.0.1}% 14
\BOOKMARK [2][-]{subsection.2.0.4}{Intervallo di confidenza per la differenza di proporzioni}{subsection.2.0.1}% 15
\BOOKMARK [1][-]{section.2.1}{Test di ipotesi}{chapter.2}% 16
\BOOKMARK [2][-]{subsection.2.1.1}{Tipi di ipotesi}{section.2.1}% 17
\BOOKMARK [2][-]{subsection.2.1.2}{Esempi di statistiche test \(generali e particolari\)}{section.2.1}% 18
\BOOKMARK [-1][-]{part.2}{II Seconda parte del corso}{}% 19
\BOOKMARK [0][-]{section.2.2}{Efficienza}{part.2}% 20
\BOOKMARK [1][-]{subsection.2.2.1}{Teorema di Rao-Cram\351r}{section.2.2}% 21
\BOOKMARK [2][-]{subsection.2.2.2}{Estensione a un vettore di parametri:}{subsection.2.2.1}% 22
\BOOKMARK [0][-]{chapter.3}{Sufficienza}{part.2}% 23
\BOOKMARK [1][-]{section.3.1}{Introduzione}{chapter.3}% 24
\BOOKMARK [2][-]{subsection.3.1.1}{Esempi}{section.3.1}% 25
\BOOKMARK [1][-]{section.3.2}{Statistiche sufficienti minimali}{chapter.3}% 26
\BOOKMARK [2][-]{subsection.3.2.1}{Principio di verosimiglianza}{section.3.2}% 27
\BOOKMARK [2][-]{subsection.3.2.2}{Famiglie esponenziali e sufficienza}{section.3.2}% 28
\BOOKMARK [2][-]{subsection.3.2.3}{Teorema di Rao-Blackwell}{section.3.2}% 29
\BOOKMARK [1][-]{section.3.3}{Completezza}{chapter.3}% 30
\BOOKMARK [2][-]{subsection.3.3.1}{Teorema di Lehmann-Scheff\351}{section.3.3}% 31
\BOOKMARK [1][-]{section.3.4}{Propriet\340 degli stimatori di massima verosimiglianza}{chapter.3}% 32
\BOOKMARK [1][-]{section.3.5}{Metodi Numerici per la Stima di Massima Verosimiglianza}{chapter.3}% 33
\BOOKMARK [0][-]{chapter.4}{}{part.2}% 34
\BOOKMARK [1][-]{section.4.1}{Teoria dei Test pi\371 Potenti ed Uniformemente pi\371 Potenti}{chapter.4}% 35
\BOOKMARK [2][-]{subsection.4.1.1}{Rapporto di massime verosimiglianze}{section.4.1}% 36
